2022-02-06 18:34:09.447 [INFO ] [openhab.event.ItemCommandEvent      ] - Item 'FruitCultivation_SoilHumidity' received command 14
2022-02-06 18:34:09.471 [INFO ] [penhab.event.ItemStatePredictedEvent] - Item 'FruitCultivation_SoilHumidity' predicted to become 14
2022-02-06 18:34:09.594 [INFO ] [openhab.event.ItemCommandEvent      ] - Item 'FruitCultivation_SoilHumidity' received command 0
2022-02-06 18:34:09.596 [INFO ] [penhab.event.ItemStatePredictedEvent] - Item 'FruitCultivation_SoilHumidity' predicted to become 0
2022-02-06 18:34:09.598 [INFO ] [openhab.event.ItemStateChangedEvent ] - Item 'FruitCultivation_SoilHumidity' changed from 14 to 0
2022-02-06 18:34:11.012 [INFO ] [openhab.event.ItemCommandEvent      ] - Item 'FruitCultivation_AirHumidity' received command 50
2022-02-06 18:34:11.020 [INFO ] [penhab.event.ItemStatePredictedEvent] - Item 'FruitCultivation_AirHumidity' predicted to become 50
2022-02-06 18:34:11.033 [INFO ] [openhab.event.ItemStateChangedEvent ] - Item 'FruitCultivation_AirHumidity' changed from 65 to 50
2022-02-06 18:34:11.209 [INFO ] [openhab.event.ItemCommandEvent      ] - Item 'FruitCultivation_AirHumidity' received command 0
2022-02-06 18:34:11.213 [INFO ] [penhab.event.ItemStatePredictedEvent] - Item 'FruitCultivation_AirHumidity' predicted to become 0
2022-02-06 18:34:11.215 [INFO ] [openhab.event.ItemStateChangedEvent ] - Item 'FruitCultivation_AirHumidity' changed from 50 to 0
2022-02-06 18:34:25.087 [INFO ] [openhab.event.ItemCommandEvent      ] - Item 'FruitCultivation_SoilHumidity' received command 43
2022-02-06 18:34:25.108 [INFO ] [penhab.event.ItemStatePredictedEvent] - Item 'FruitCultivation_SoilHumidity' predicted to become 43
2022-02-06 18:34:25.114 [INFO ] [openhab.event.ItemStateChangedEvent ] - Item 'FruitCultivation_SoilHumidity' changed from 0 to 43
2022-02-06 18:34:44.231 [INFO ] [openhab.event.ItemCommandEvent      ] - Item 'TomatoCultivationAirHumidityMQTTThing_TCSoilhumidity' received command 34
2022-02-06 18:34:44.244 [INFO ] [penhab.event.ItemStatePredictedEvent] - Item 'TomatoCultivationAirHumidityMQTTThing_TCSoilhumidity' predicted to become 34
2022-02-06 18:34:44.282 [INFO ] [openhab.event.ItemStateChangedEvent ] - Item 'TomatoCultivationAirHumidityMQTTThing_TCSoilhumidity' changed from 33 to 34
2022-02-06 18:34:44.425 [INFO ] [openhab.event.ItemCommandEvent      ] - Item 'TomatoCultivationAirHumidityMQTTThing_TCSoilhumidity' received command 100
2022-02-06 18:34:44.427 [INFO ] [penhab.event.ItemStatePredictedEvent] - Item 'TomatoCultivationAirHumidityMQTTThing_TCSoilhumidity' predicted to become 100
2022-02-06 18:34:44.428 [INFO ] [openhab.event.ItemStateChangedEvent ] - Item 'TomatoCultivationAirHumidityMQTTThing_TCSoilhumidity' changed from 34 to 100
2022-02-06 18:34:56.619 [INFO ] [openhab.event.ItemCommandEvent      ] - Item 'TomatoCultivationAirHumidityMQTTThing_TCAirhumidity' received command 2
2022-02-06 18:34:56.640 [INFO ] [penhab.event.ItemStatePredictedEvent] - Item 'TomatoCultivationAirHumidityMQTTThing_TCAirhumidity' predicted to become 2
2022-02-06 18:34:56.647 [INFO ] [openhab.event.ItemStateChangedEvent ] - Item 'TomatoCultivationAirHumidityMQTTThing_TCAirhumidity' changed from 5 to 2
2022-02-06 18:34:56.803 [INFO ] [openhab.event.ItemCommandEvent      ] - Item 'TomatoCultivationAirHumidityMQTTThing_TCAirhumidity' received command 0
2022-02-06 18:34:56.804 [INFO ] [penhab.event.ItemStatePredictedEvent] - Item 'TomatoCultivationAirHumidityMQTTThing_TCAirhumidity' predicted to become 0
2022-02-06 18:34:56.808 [INFO ] [openhab.event.ItemStateChangedEvent ] - Item 'TomatoCultivationAirHumidityMQTTThing_TCAirhumidity' changed from 2 to 0
2022-02-06 18:35:00.642 [INFO ] [openhab.event.ItemCommandEvent      ] - Item 'TomatoCultivationAirHumidityMQTTThing_TCAirhumidity' received command 96
2022-02-06 18:35:00.646 [INFO ] [penhab.event.ItemStatePredictedEvent] - Item 'TomatoCultivationAirHumidityMQTTThing_TCAirhumidity' predicted to become 96
2022-02-06 18:35:00.656 [INFO ] [openhab.event.ItemStateChangedEvent ] - Item 'TomatoCultivationAirHumidityMQTTThing_TCAirhumidity' changed from 0 to 96
2022-02-06 18:35:01.185 [INFO ] [openhab.event.ItemCommandEvent      ] - Item 'TomatoCultivationAirHumidityMQTTThing_TCAirhumidity' received command 100
2022-02-06 18:35:01.188 [INFO ] [penhab.event.ItemStatePredictedEvent] - Item 'TomatoCultivationAirHumidityMQTTThing_TCAirhumidity' predicted to become 100
2022-02-06 18:35:01.191 [INFO ] [openhab.event.ItemStateChangedEvent ] - Item 'TomatoCultivationAirHumidityMQTTThing_TCAirhumidity' changed from 96 to 100
2022-02-06 18:35:11.812 [INFO ] [openhab.event.ItemCommandEvent      ] - Item 'PotatoCultivation_SoilHumidity' received command 6
2022-02-06 18:35:11.827 [INFO ] [penhab.event.ItemStatePredictedEvent] - Item 'PotatoCultivation_SoilHumidity' predicted to become 6
2022-02-06 18:35:11.835 [INFO ] [openhab.event.ItemStateChangedEvent ] - Item 'PotatoCultivation_SoilHumidity' changed from 9 to 6
2022-02-06 18:35:12.008 [INFO ] [openhab.event.ItemCommandEvent      ] - Item 'PotatoCultivation_SoilHumidity' received command 2
2022-02-06 18:35:12.010 [INFO ] [penhab.event.ItemStatePredictedEvent] - Item 'PotatoCultivation_SoilHumidity' predicted to become 2
2022-02-06 18:35:12.014 [INFO ] [openhab.event.ItemStateChangedEvent ] - Item 'PotatoCultivation_SoilHumidity' changed from 6 to 2
2022-02-06 18:35:12.529 [INFO ] [openhab.event.ItemCommandEvent      ] - Item 'PotatoCultivation_SoilHumidity' received command 1
2022-02-06 18:35:12.534 [INFO ] [penhab.event.ItemStatePredictedEvent] - Item 'PotatoCultivation_SoilHumidity' predicted to become 1
2022-02-06 18:35:12.547 [INFO ] [openhab.event.ItemStateChangedEvent ] - Item 'PotatoCultivation_SoilHumidity' changed from 2 to 1
2022-02-06 18:35:12.730 [INFO ] [openhab.event.ItemCommandEvent      ] - Item 'PotatoCultivation_SoilHumidity' received command 0
2022-02-06 18:35:12.735 [INFO ] [penhab.event.ItemStatePredictedEvent] - Item 'PotatoCultivation_SoilHumidity' predicted to become 0
2022-02-06 18:35:12.739 [INFO ] [openhab.event.ItemStateChangedEvent ] - Item 'PotatoCultivation_SoilHumidity' changed from 1 to 0
2022-02-06 18:35:16.845 [INFO ] [openhab.event.ItemCommandEvent      ] - Item 'PotatoCultivation_AirHumidity' received command 44
2022-02-06 18:35:16.855 [INFO ] [penhab.event.ItemStatePredictedEvent] - Item 'PotatoCultivation_AirHumidity' predicted to become 44
2022-02-06 18:35:16.864 [INFO ] [openhab.event.ItemStateChangedEvent ] - Item 'PotatoCultivation_AirHumidity' changed from 65 to 44
2022-02-06 18:35:17.036 [INFO ] [openhab.event.ItemCommandEvent      ] - Item 'PotatoCultivation_AirHumidity' received command 0
2022-02-06 18:35:17.038 [INFO ] [penhab.event.ItemStatePredictedEvent] - Item 'PotatoCultivation_AirHumidity' predicted to become 0
2022-02-06 18:35:17.041 [INFO ] [openhab.event.ItemStateChangedEvent ] - Item 'PotatoCultivation_AirHumidity' changed from 44 to 0
2022-02-06 18:35:23.314 [INFO ] [openhab.event.ItemCommandEvent      ] - Item 'PotatoCultivation_AirHumidity' received command 29
2022-02-06 18:35:23.320 [INFO ] [penhab.event.ItemStatePredictedEvent] - Item 'PotatoCultivation_AirHumidity' predicted to become 29
2022-02-06 18:35:23.326 [INFO ] [openhab.event.ItemStateChangedEvent ] - Item 'PotatoCultivation_AirHumidity' changed from 0 to 29
2022-02-06 18:35:30.023 [INFO ] [openhab.event.ItemCommandEvent      ] - Item 'PotatoCultivation_AirHumidity' received command 40
2022-02-06 18:35:30.033 [INFO ] [penhab.event.ItemStatePredictedEvent] - Item 'PotatoCultivation_AirHumidity' predicted to become 40
2022-02-06 18:35:30.038 [INFO ] [openhab.event.ItemStateChangedEvent ] - Item 'PotatoCultivation_AirHumidity' changed from 29 to 40
2022-02-06 18:35:31.325 [INFO ] [openhab.event.ItemCommandEvent      ] - Item 'PotatoCultivation_SoilHumidity' received command 40
2022-02-06 18:35:31.337 [INFO ] [penhab.event.ItemStatePredictedEvent] - Item 'PotatoCultivation_SoilHumidity' predicted to become 40
2022-02-06 18:35:31.346 [INFO ] [openhab.event.ItemStateChangedEvent ] - Item 'PotatoCultivation_SoilHumidity' changed from 0 to 40
2022-02-06 18:35:42.964 [INFO ] [openhab.event.ItemCommandEvent      ] - Item 'FruitCultivation_AirHumidity' received command 8
2022-02-06 18:35:42.975 [INFO ] [penhab.event.ItemStatePredictedEvent] - Item 'FruitCultivation_AirHumidity' predicted to become 8
2022-02-06 18:35:42.979 [INFO ] [openhab.event.ItemStateChangedEvent ] - Item 'FruitCultivation_AirHumidity' changed from 0 to 8
2022-02-06 18:35:45.275 [INFO ] [openhab.event.ItemCommandEvent      ] - Item 'FruitCultivation_SoilHumidity' received command 8
2022-02-06 18:35:45.281 [INFO ] [penhab.event.ItemStatePredictedEvent] - Item 'FruitCultivation_SoilHumidity' predicted to become 8
2022-02-06 18:35:45.286 [INFO ] [openhab.event.ItemStateChangedEvent ] - Item 'FruitCultivation_SoilHumidity' changed from 43 to 8
2022-02-06 18:37:41.697 [INFO ] [openhab.event.ItemCommandEvent      ] - Item 'FruitCultivation_AirHumidity' received command 28
2022-02-06 18:37:41.704 [INFO ] [penhab.event.ItemStatePredictedEvent] - Item 'FruitCultivation_AirHumidity' predicted to become 28
2022-02-06 18:37:41.715 [INFO ] [openhab.event.ItemStateChangedEvent ] - Item 'FruitCultivation_AirHumidity' changed from 8 to 28
2022-02-06 18:37:49.643 [INFO ] [openhab.event.ItemCommandEvent      ] - Item 'FruitCultivation_SoilHumidity' received command 69
2022-02-06 18:37:49.656 [INFO ] [penhab.event.ItemStatePredictedEvent] - Item 'FruitCultivation_SoilHumidity' predicted to become 69
2022-02-06 18:37:49.665 [INFO ] [openhab.event.ItemStateChangedEvent ] - Item 'FruitCultivation_SoilHumidity' changed from 8 to 69
