!SESSION 2022-02-06 13:44:30.302 -----------------------------------------------
eclipse.buildId=unknown
java.version=11.0.13
java.vendor=Azul Systems, Inc.
BootLoader constants: OS=linux, ARCH=aarch64, WS=gtk, NL=en_US

!ENTRY org.openhab.ui.iconset.classic 4 0 2022-02-06 13:44:30.302
!MESSAGE FrameworkEvent ERROR
!STACK 0
java.io.IOException: Exception in opening zip file: /openhab/userdata/cache/org.eclipse.osgi/237/0/bundleFile
	at org.eclipse.osgi.framework.util.SecureAction.getZipFile(SecureAction.java:358)
	at org.eclipse.osgi.storage.bundlefile.ZipBundleFile.doOpen(ZipBundleFile.java:51)
	at org.eclipse.osgi.storage.bundlefile.CloseableBundleFile.open(CloseableBundleFile.java:135)
	at org.eclipse.osgi.storage.bundlefile.CloseableBundleFile.lockOpen(CloseableBundleFile.java:77)
	at org.eclipse.osgi.storage.bundlefile.CloseableBundleFile.getEntry(CloseableBundleFile.java:274)
	at org.eclipse.osgi.storage.BundleInfo$Generation.getEntry(BundleInfo.java:423)
	at org.eclipse.osgi.internal.framework.EquinoxBundle.getEntry(EquinoxBundle.java:703)
	at org.openhab.core.config.xml.osgi.XmlDocumentBundleTracker.isResourcePresent(XmlDocumentBundleTracker.java:319)
	at org.openhab.core.config.xml.osgi.XmlDocumentBundleTracker.isBundleRelevant(XmlDocumentBundleTracker.java:143)
	at org.openhab.core.config.xml.osgi.XmlDocumentBundleTracker$1.lambda$0(XmlDocumentBundleTracker.java:178)
	at org.openhab.core.config.xml.osgi.XmlDocumentBundleTracker.withLock(XmlDocumentBundleTracker.java:80)
	at org.openhab.core.config.xml.osgi.XmlDocumentBundleTracker$1.addingBundle(XmlDocumentBundleTracker.java:177)
	at org.osgi.util.tracker.BundleTracker$Tracked.customizerAdding(BundleTracker.java:475)
	at org.osgi.util.tracker.BundleTracker$Tracked.customizerAdding(BundleTracker.java:420)
	at org.osgi.util.tracker.AbstractTracked.trackAdding(AbstractTracked.java:256)
	at org.osgi.util.tracker.AbstractTracked.track(AbstractTracked.java:229)
	at org.osgi.util.tracker.BundleTracker$Tracked.bundleChanged(BundleTracker.java:450)
	at org.eclipse.osgi.internal.framework.BundleContextImpl.dispatchEvent(BundleContextImpl.java:945)
	at org.eclipse.osgi.framework.eventmgr.EventManager.dispatchEvent(EventManager.java:234)
	at org.eclipse.osgi.framework.eventmgr.ListenerQueue.dispatchEventSynchronous(ListenerQueue.java:151)
	at org.eclipse.osgi.internal.framework.EquinoxEventPublisher.publishBundleEventPrivileged(EquinoxEventPublisher.java:232)
	at org.eclipse.osgi.internal.framework.EquinoxEventPublisher.publishBundleEvent(EquinoxEventPublisher.java:138)
	at org.eclipse.osgi.internal.framework.EquinoxEventPublisher.publishBundleEvent(EquinoxEventPublisher.java:130)
	at org.eclipse.osgi.internal.framework.EquinoxContainerAdaptor.publishModuleEvent(EquinoxContainerAdaptor.java:217)
	at org.eclipse.osgi.container.Module.publishEvent(Module.java:499)
	at org.eclipse.osgi.container.Module.doStop(Module.java:658)
	at org.eclipse.osgi.container.Module.stop(Module.java:521)
	at org.eclipse.osgi.container.ModuleContainer$ContainerStartLevel.decStartLevel(ModuleContainer.java:1890)
	at org.eclipse.osgi.container.ModuleContainer$ContainerStartLevel.doContainerStartLevel(ModuleContainer.java:1765)
	at org.eclipse.osgi.container.ModuleContainer$ContainerStartLevel.dispatchEvent(ModuleContainer.java:1669)
	at org.eclipse.osgi.container.ModuleContainer$ContainerStartLevel.dispatchEvent(ModuleContainer.java:1)
	at org.eclipse.osgi.framework.eventmgr.EventManager.dispatchEvent(EventManager.java:234)
	at org.eclipse.osgi.framework.eventmgr.EventManager$EventThread.run(EventManager.java:345)
Caused by: java.nio.file.NoSuchFileException: /openhab/userdata/cache/org.eclipse.osgi/237/0/bundleFile
	at java.base/sun.nio.fs.UnixException.translateToIOException(UnixException.java:92)
	at java.base/sun.nio.fs.UnixException.rethrowAsIOException(UnixException.java:111)
	at java.base/sun.nio.fs.UnixException.rethrowAsIOException(UnixException.java:116)
	at java.base/sun.nio.fs.UnixFileAttributeViews$Basic.readAttributes(UnixFileAttributeViews.java:55)
	at java.base/sun.nio.fs.UnixFileSystemProvider.readAttributes(UnixFileSystemProvider.java:149)
	at java.base/sun.nio.fs.LinuxFileSystemProvider.readAttributes(LinuxFileSystemProvider.java:99)
	at java.base/java.nio.file.Files.readAttributes(Files.java:1764)
	at java.base/java.util.zip.ZipFile$Source.get(ZipFile.java:1273)
	at java.base/java.util.zip.ZipFile$CleanableResource.<init>(ZipFile.java:747)
	at java.base/java.util.zip.ZipFile$CleanableResource.get(ZipFile.java:864)
	at java.base/java.util.zip.ZipFile.<init>(ZipFile.java:262)
	at java.base/java.util.zip.ZipFile.<init>(ZipFile.java:191)
	at java.base/java.util.zip.ZipFile.<init>(ZipFile.java:205)
	at org.eclipse.osgi.framework.util.SecureAction.getZipFile(SecureAction.java:337)
	... 32 more

!ENTRY org.openhab.ui.iconset.classic 4 0 2022-02-06 13:44:30.331
!MESSAGE FrameworkEvent ERROR
!STACK 0
java.io.IOException: Exception in opening zip file: /openhab/userdata/cache/org.eclipse.osgi/237/0/bundleFile
	at org.eclipse.osgi.framework.util.SecureAction.getZipFile(SecureAction.java:358)
	at org.eclipse.osgi.storage.bundlefile.ZipBundleFile.doOpen(ZipBundleFile.java:51)
	at org.eclipse.osgi.storage.bundlefile.CloseableBundleFile.open(CloseableBundleFile.java:135)
	at org.eclipse.osgi.storage.bundlefile.CloseableBundleFile.lockOpen(CloseableBundleFile.java:77)
	at org.eclipse.osgi.storage.bundlefile.CloseableBundleFile.getEntry(CloseableBundleFile.java:274)
	at org.eclipse.osgi.storage.BundleInfo$Generation.getEntry(BundleInfo.java:423)
	at org.eclipse.osgi.internal.framework.EquinoxBundle.getEntry(EquinoxBundle.java:703)
	at org.openhab.core.config.xml.osgi.XmlDocumentBundleTracker.isResourcePresent(XmlDocumentBundleTracker.java:319)
	at org.openhab.core.config.xml.osgi.XmlDocumentBundleTracker.isBundleRelevant(XmlDocumentBundleTracker.java:143)
	at org.openhab.core.config.xml.osgi.XmlDocumentBundleTracker$1.lambda$0(XmlDocumentBundleTracker.java:178)
	at org.openhab.core.config.xml.osgi.XmlDocumentBundleTracker.withLock(XmlDocumentBundleTracker.java:80)
	at org.openhab.core.config.xml.osgi.XmlDocumentBundleTracker$1.addingBundle(XmlDocumentBundleTracker.java:177)
	at org.osgi.util.tracker.BundleTracker$Tracked.customizerAdding(BundleTracker.java:475)
	at org.osgi.util.tracker.BundleTracker$Tracked.customizerAdding(BundleTracker.java:420)
	at org.osgi.util.tracker.AbstractTracked.trackAdding(AbstractTracked.java:256)
	at org.osgi.util.tracker.AbstractTracked.track(AbstractTracked.java:229)
	at org.osgi.util.tracker.BundleTracker$Tracked.bundleChanged(BundleTracker.java:450)
	at org.eclipse.osgi.internal.framework.BundleContextImpl.dispatchEvent(BundleContextImpl.java:945)
	at org.eclipse.osgi.framework.eventmgr.EventManager.dispatchEvent(EventManager.java:234)
	at org.eclipse.osgi.framework.eventmgr.ListenerQueue.dispatchEventSynchronous(ListenerQueue.java:151)
	at org.eclipse.osgi.internal.framework.EquinoxEventPublisher.publishBundleEventPrivileged(EquinoxEventPublisher.java:232)
	at org.eclipse.osgi.internal.framework.EquinoxEventPublisher.publishBundleEvent(EquinoxEventPublisher.java:138)
	at org.eclipse.osgi.internal.framework.EquinoxEventPublisher.publishBundleEvent(EquinoxEventPublisher.java:130)
	at org.eclipse.osgi.internal.framework.EquinoxContainerAdaptor.publishModuleEvent(EquinoxContainerAdaptor.java:217)
	at org.eclipse.osgi.container.Module.publishEvent(Module.java:499)
	at org.eclipse.osgi.container.Module.doStop(Module.java:658)
	at org.eclipse.osgi.container.Module.stop(Module.java:521)
	at org.eclipse.osgi.container.ModuleContainer$ContainerStartLevel.decStartLevel(ModuleContainer.java:1890)
	at org.eclipse.osgi.container.ModuleContainer$ContainerStartLevel.doContainerStartLevel(ModuleContainer.java:1765)
	at org.eclipse.osgi.container.ModuleContainer$ContainerStartLevel.dispatchEvent(ModuleContainer.java:1669)
	at org.eclipse.osgi.container.ModuleContainer$ContainerStartLevel.dispatchEvent(ModuleContainer.java:1)
	at org.eclipse.osgi.framework.eventmgr.EventManager.dispatchEvent(EventManager.java:234)
	at org.eclipse.osgi.framework.eventmgr.EventManager$EventThread.run(EventManager.java:345)
Caused by: java.nio.file.NoSuchFileException: /openhab/userdata/cache/org.eclipse.osgi/237/0/bundleFile
	at java.base/sun.nio.fs.UnixException.translateToIOException(UnixException.java:92)
	at java.base/sun.nio.fs.UnixException.rethrowAsIOException(UnixException.java:111)
	at java.base/sun.nio.fs.UnixException.rethrowAsIOException(UnixException.java:116)
	at java.base/sun.nio.fs.UnixFileAttributeViews$Basic.readAttributes(UnixFileAttributeViews.java:55)
	at java.base/sun.nio.fs.UnixFileSystemProvider.readAttributes(UnixFileSystemProvider.java:149)
	at java.base/sun.nio.fs.LinuxFileSystemProvider.readAttributes(LinuxFileSystemProvider.java:99)
	at java.base/java.nio.file.Files.readAttributes(Files.java:1764)
	at java.base/java.util.zip.ZipFile$Source.get(ZipFile.java:1273)
	at java.base/java.util.zip.ZipFile$CleanableResource.<init>(ZipFile.java:747)
	at java.base/java.util.zip.ZipFile$CleanableResource.get(ZipFile.java:864)
	at java.base/java.util.zip.ZipFile.<init>(ZipFile.java:262)
	at java.base/java.util.zip.ZipFile.<init>(ZipFile.java:191)
	at java.base/java.util.zip.ZipFile.<init>(ZipFile.java:205)
	at org.eclipse.osgi.framework.util.SecureAction.getZipFile(SecureAction.java:337)
	... 32 more

!ENTRY org.openhab.ui.iconset.classic 4 0 2022-02-06 13:44:30.355
!MESSAGE FrameworkEvent ERROR
!STACK 0
java.io.IOException: Exception in opening zip file: /openhab/userdata/cache/org.eclipse.osgi/237/0/bundleFile
	at org.eclipse.osgi.framework.util.SecureAction.getZipFile(SecureAction.java:358)
	at org.eclipse.osgi.storage.bundlefile.ZipBundleFile.doOpen(ZipBundleFile.java:51)
	at org.eclipse.osgi.storage.bundlefile.CloseableBundleFile.open(CloseableBundleFile.java:135)
	at org.eclipse.osgi.storage.bundlefile.CloseableBundleFile.lockOpen(CloseableBundleFile.java:77)
	at org.eclipse.osgi.storage.bundlefile.CloseableBundleFile.getEntry(CloseableBundleFile.java:274)
	at org.eclipse.osgi.storage.BundleInfo$Generation.getEntry(BundleInfo.java:423)
	at org.eclipse.osgi.internal.framework.EquinoxBundle.getEntry(EquinoxBundle.java:703)
	at org.openhab.core.config.xml.osgi.XmlDocumentBundleTracker.isResourcePresent(XmlDocumentBundleTracker.java:319)
	at org.openhab.core.config.xml.osgi.XmlDocumentBundleTracker.isBundleRelevant(XmlDocumentBundleTracker.java:143)
	at org.openhab.core.config.xml.osgi.XmlDocumentBundleTracker$1.lambda$0(XmlDocumentBundleTracker.java:178)
	at org.openhab.core.config.xml.osgi.XmlDocumentBundleTracker.withLock(XmlDocumentBundleTracker.java:80)
	at org.openhab.core.config.xml.osgi.XmlDocumentBundleTracker$1.addingBundle(XmlDocumentBundleTracker.java:177)
	at org.osgi.util.tracker.BundleTracker$Tracked.customizerAdding(BundleTracker.java:475)
	at org.osgi.util.tracker.BundleTracker$Tracked.customizerAdding(BundleTracker.java:420)
	at org.osgi.util.tracker.AbstractTracked.trackAdding(AbstractTracked.java:256)
	at org.osgi.util.tracker.AbstractTracked.track(AbstractTracked.java:229)
	at org.osgi.util.tracker.BundleTracker$Tracked.bundleChanged(BundleTracker.java:450)
	at org.eclipse.osgi.internal.framework.BundleContextImpl.dispatchEvent(BundleContextImpl.java:945)
	at org.eclipse.osgi.framework.eventmgr.EventManager.dispatchEvent(EventManager.java:234)
	at org.eclipse.osgi.framework.eventmgr.ListenerQueue.dispatchEventSynchronous(ListenerQueue.java:151)
	at org.eclipse.osgi.internal.framework.EquinoxEventPublisher.publishBundleEventPrivileged(EquinoxEventPublisher.java:232)
	at org.eclipse.osgi.internal.framework.EquinoxEventPublisher.publishBundleEvent(EquinoxEventPublisher.java:138)
	at org.eclipse.osgi.internal.framework.EquinoxEventPublisher.publishBundleEvent(EquinoxEventPublisher.java:130)
	at org.eclipse.osgi.internal.framework.EquinoxContainerAdaptor.publishModuleEvent(EquinoxContainerAdaptor.java:217)
	at org.eclipse.osgi.container.Module.publishEvent(Module.java:499)
	at org.eclipse.osgi.container.Module.doStop(Module.java:658)
	at org.eclipse.osgi.container.Module.stop(Module.java:521)
	at org.eclipse.osgi.container.ModuleContainer$ContainerStartLevel.decStartLevel(ModuleContainer.java:1890)
	at org.eclipse.osgi.container.ModuleContainer$ContainerStartLevel.doContainerStartLevel(ModuleContainer.java:1765)
	at org.eclipse.osgi.container.ModuleContainer$ContainerStartLevel.dispatchEvent(ModuleContainer.java:1669)
	at org.eclipse.osgi.container.ModuleContainer$ContainerStartLevel.dispatchEvent(ModuleContainer.java:1)
	at org.eclipse.osgi.framework.eventmgr.EventManager.dispatchEvent(EventManager.java:234)
	at org.eclipse.osgi.framework.eventmgr.EventManager$EventThread.run(EventManager.java:345)
Caused by: java.nio.file.NoSuchFileException: /openhab/userdata/cache/org.eclipse.osgi/237/0/bundleFile
	at java.base/sun.nio.fs.UnixException.translateToIOException(UnixException.java:92)
	at java.base/sun.nio.fs.UnixException.rethrowAsIOException(UnixException.java:111)
	at java.base/sun.nio.fs.UnixException.rethrowAsIOException(UnixException.java:116)
	at java.base/sun.nio.fs.UnixFileAttributeViews$Basic.readAttributes(UnixFileAttributeViews.java:55)
	at java.base/sun.nio.fs.UnixFileSystemProvider.readAttributes(UnixFileSystemProvider.java:149)
	at java.base/sun.nio.fs.LinuxFileSystemProvider.readAttributes(LinuxFileSystemProvider.java:99)
	at java.base/java.nio.file.Files.readAttributes(Files.java:1764)
	at java.base/java.util.zip.ZipFile$Source.get(ZipFile.java:1273)
	at java.base/java.util.zip.ZipFile$CleanableResource.<init>(ZipFile.java:747)
	at java.base/java.util.zip.ZipFile$CleanableResource.get(ZipFile.java:864)
	at java.base/java.util.zip.ZipFile.<init>(ZipFile.java:262)
	at java.base/java.util.zip.ZipFile.<init>(ZipFile.java:191)
	at java.base/java.util.zip.ZipFile.<init>(ZipFile.java:205)
	at org.eclipse.osgi.framework.util.SecureAction.getZipFile(SecureAction.java:337)
	... 32 more

!ENTRY org.openhab.ui.iconset.classic 4 0 2022-02-06 13:44:30.376
!MESSAGE FrameworkEvent ERROR
!STACK 0
java.io.IOException: Exception in opening zip file: /openhab/userdata/cache/org.eclipse.osgi/237/0/bundleFile
	at org.eclipse.osgi.framework.util.SecureAction.getZipFile(SecureAction.java:358)
	at org.eclipse.osgi.storage.bundlefile.ZipBundleFile.doOpen(ZipBundleFile.java:51)
	at org.eclipse.osgi.storage.bundlefile.CloseableBundleFile.open(CloseableBundleFile.java:135)
	at org.eclipse.osgi.storage.bundlefile.CloseableBundleFile.lockOpen(CloseableBundleFile.java:77)
	at org.eclipse.osgi.storage.bundlefile.CloseableBundleFile.getEntry(CloseableBundleFile.java:274)
	at org.eclipse.osgi.storage.BundleInfo$Generation.getEntry(BundleInfo.java:423)
	at org.eclipse.osgi.internal.framework.EquinoxBundle.getEntry(EquinoxBundle.java:703)
	at org.openhab.core.config.xml.osgi.XmlDocumentBundleTracker.isResourcePresent(XmlDocumentBundleTracker.java:319)
	at org.openhab.core.config.xml.osgi.XmlDocumentBundleTracker.isBundleRelevant(XmlDocumentBundleTracker.java:143)
	at org.openhab.core.config.xml.osgi.XmlDocumentBundleTracker$1.lambda$0(XmlDocumentBundleTracker.java:178)
	at org.openhab.core.config.xml.osgi.XmlDocumentBundleTracker.withLock(XmlDocumentBundleTracker.java:80)
	at org.openhab.core.config.xml.osgi.XmlDocumentBundleTracker$1.addingBundle(XmlDocumentBundleTracker.java:177)
	at org.osgi.util.tracker.BundleTracker$Tracked.customizerAdding(BundleTracker.java:475)
	at org.osgi.util.tracker.BundleTracker$Tracked.customizerAdding(BundleTracker.java:420)
	at org.osgi.util.tracker.AbstractTracked.trackAdding(AbstractTracked.java:256)
	at org.osgi.util.tracker.AbstractTracked.track(AbstractTracked.java:229)
	at org.osgi.util.tracker.BundleTracker$Tracked.bundleChanged(BundleTracker.java:450)
	at org.eclipse.osgi.internal.framework.BundleContextImpl.dispatchEvent(BundleContextImpl.java:945)
	at org.eclipse.osgi.framework.eventmgr.EventManager.dispatchEvent(EventManager.java:234)
	at org.eclipse.osgi.framework.eventmgr.ListenerQueue.dispatchEventSynchronous(ListenerQueue.java:151)
	at org.eclipse.osgi.internal.framework.EquinoxEventPublisher.publishBundleEventPrivileged(EquinoxEventPublisher.java:232)
	at org.eclipse.osgi.internal.framework.EquinoxEventPublisher.publishBundleEvent(EquinoxEventPublisher.java:138)
	at org.eclipse.osgi.internal.framework.EquinoxEventPublisher.publishBundleEvent(EquinoxEventPublisher.java:130)
	at org.eclipse.osgi.internal.framework.EquinoxContainerAdaptor.publishModuleEvent(EquinoxContainerAdaptor.java:217)
	at org.eclipse.osgi.container.Module.publishEvent(Module.java:499)
	at org.eclipse.osgi.container.Module.stop(Module.java:534)
	at org.eclipse.osgi.container.ModuleContainer$ContainerStartLevel.decStartLevel(ModuleContainer.java:1890)
	at org.eclipse.osgi.container.ModuleContainer$ContainerStartLevel.doContainerStartLevel(ModuleContainer.java:1765)
	at org.eclipse.osgi.container.ModuleContainer$ContainerStartLevel.dispatchEvent(ModuleContainer.java:1669)
	at org.eclipse.osgi.container.ModuleContainer$ContainerStartLevel.dispatchEvent(ModuleContainer.java:1)
	at org.eclipse.osgi.framework.eventmgr.EventManager.dispatchEvent(EventManager.java:234)
	at org.eclipse.osgi.framework.eventmgr.EventManager$EventThread.run(EventManager.java:345)
Caused by: java.nio.file.NoSuchFileException: /openhab/userdata/cache/org.eclipse.osgi/237/0/bundleFile
	at java.base/sun.nio.fs.UnixException.translateToIOException(UnixException.java:92)
	at java.base/sun.nio.fs.UnixException.rethrowAsIOException(UnixException.java:111)
	at java.base/sun.nio.fs.UnixException.rethrowAsIOException(UnixException.java:116)
	at java.base/sun.nio.fs.UnixFileAttributeViews$Basic.readAttributes(UnixFileAttributeViews.java:55)
	at java.base/sun.nio.fs.UnixFileSystemProvider.readAttributes(UnixFileSystemProvider.java:149)
	at java.base/sun.nio.fs.LinuxFileSystemProvider.readAttributes(LinuxFileSystemProvider.java:99)
	at java.base/java.nio.file.Files.readAttributes(Files.java:1764)
	at java.base/java.util.zip.ZipFile$Source.get(ZipFile.java:1273)
	at java.base/java.util.zip.ZipFile$CleanableResource.<init>(ZipFile.java:747)
	at java.base/java.util.zip.ZipFile$CleanableResource.get(ZipFile.java:864)
	at java.base/java.util.zip.ZipFile.<init>(ZipFile.java:262)
	at java.base/java.util.zip.ZipFile.<init>(ZipFile.java:191)
	at java.base/java.util.zip.ZipFile.<init>(ZipFile.java:205)
	at org.eclipse.osgi.framework.util.SecureAction.getZipFile(SecureAction.java:337)
	... 31 more

!ENTRY org.openhab.ui.iconset.classic 4 0 2022-02-06 13:44:30.387
!MESSAGE FrameworkEvent ERROR
!STACK 0
java.io.IOException: Exception in opening zip file: /openhab/userdata/cache/org.eclipse.osgi/237/0/bundleFile
	at org.eclipse.osgi.framework.util.SecureAction.getZipFile(SecureAction.java:358)
	at org.eclipse.osgi.storage.bundlefile.ZipBundleFile.doOpen(ZipBundleFile.java:51)
	at org.eclipse.osgi.storage.bundlefile.CloseableBundleFile.open(CloseableBundleFile.java:135)
	at org.eclipse.osgi.storage.bundlefile.CloseableBundleFile.lockOpen(CloseableBundleFile.java:77)
	at org.eclipse.osgi.storage.bundlefile.CloseableBundleFile.getEntry(CloseableBundleFile.java:274)
	at org.eclipse.osgi.storage.BundleInfo$Generation.getEntry(BundleInfo.java:423)
	at org.eclipse.osgi.internal.framework.EquinoxBundle.getEntry(EquinoxBundle.java:703)
	at org.openhab.core.config.xml.osgi.XmlDocumentBundleTracker.isResourcePresent(XmlDocumentBundleTracker.java:319)
	at org.openhab.core.config.xml.osgi.XmlDocumentBundleTracker.isBundleRelevant(XmlDocumentBundleTracker.java:143)
	at org.openhab.core.config.xml.osgi.XmlDocumentBundleTracker$1.lambda$0(XmlDocumentBundleTracker.java:178)
	at org.openhab.core.config.xml.osgi.XmlDocumentBundleTracker.withLock(XmlDocumentBundleTracker.java:80)
	at org.openhab.core.config.xml.osgi.XmlDocumentBundleTracker$1.addingBundle(XmlDocumentBundleTracker.java:177)
	at org.osgi.util.tracker.BundleTracker$Tracked.customizerAdding(BundleTracker.java:475)
	at org.osgi.util.tracker.BundleTracker$Tracked.customizerAdding(BundleTracker.java:420)
	at org.osgi.util.tracker.AbstractTracked.trackAdding(AbstractTracked.java:256)
	at org.osgi.util.tracker.AbstractTracked.track(AbstractTracked.java:229)
	at org.osgi.util.tracker.BundleTracker$Tracked.bundleChanged(BundleTracker.java:450)
	at org.eclipse.osgi.internal.framework.BundleContextImpl.dispatchEvent(BundleContextImpl.java:945)
	at org.eclipse.osgi.framework.eventmgr.EventManager.dispatchEvent(EventManager.java:234)
	at org.eclipse.osgi.framework.eventmgr.ListenerQueue.dispatchEventSynchronous(ListenerQueue.java:151)
	at org.eclipse.osgi.internal.framework.EquinoxEventPublisher.publishBundleEventPrivileged(EquinoxEventPublisher.java:232)
	at org.eclipse.osgi.internal.framework.EquinoxEventPublisher.publishBundleEvent(EquinoxEventPublisher.java:138)
	at org.eclipse.osgi.internal.framework.EquinoxEventPublisher.publishBundleEvent(EquinoxEventPublisher.java:130)
	at org.eclipse.osgi.internal.framework.EquinoxContainerAdaptor.publishModuleEvent(EquinoxContainerAdaptor.java:217)
	at org.eclipse.osgi.container.Module.publishEvent(Module.java:499)
	at org.eclipse.osgi.container.Module.stop(Module.java:534)
	at org.eclipse.osgi.container.ModuleContainer$ContainerStartLevel.decStartLevel(ModuleContainer.java:1890)
	at org.eclipse.osgi.container.ModuleContainer$ContainerStartLevel.doContainerStartLevel(ModuleContainer.java:1765)
	at org.eclipse.osgi.container.ModuleContainer$ContainerStartLevel.dispatchEvent(ModuleContainer.java:1669)
	at org.eclipse.osgi.container.ModuleContainer$ContainerStartLevel.dispatchEvent(ModuleContainer.java:1)
	at org.eclipse.osgi.framework.eventmgr.EventManager.dispatchEvent(EventManager.java:234)
	at org.eclipse.osgi.framework.eventmgr.EventManager$EventThread.run(EventManager.java:345)
Caused by: java.nio.file.NoSuchFileException: /openhab/userdata/cache/org.eclipse.osgi/237/0/bundleFile
	at java.base/sun.nio.fs.UnixException.translateToIOException(UnixException.java:92)
	at java.base/sun.nio.fs.UnixException.rethrowAsIOException(UnixException.java:111)
	at java.base/sun.nio.fs.UnixException.rethrowAsIOException(UnixException.java:116)
	at java.base/sun.nio.fs.UnixFileAttributeViews$Basic.readAttributes(UnixFileAttributeViews.java:55)
	at java.base/sun.nio.fs.UnixFileSystemProvider.readAttributes(UnixFileSystemProvider.java:149)
	at java.base/sun.nio.fs.LinuxFileSystemProvider.readAttributes(LinuxFileSystemProvider.java:99)
	at java.base/java.nio.file.Files.readAttributes(Files.java:1764)
	at java.base/java.util.zip.ZipFile$Source.get(ZipFile.java:1273)
	at java.base/java.util.zip.ZipFile$CleanableResource.<init>(ZipFile.java:747)
	at java.base/java.util.zip.ZipFile$CleanableResource.get(ZipFile.java:864)
	at java.base/java.util.zip.ZipFile.<init>(ZipFile.java:262)
	at java.base/java.util.zip.ZipFile.<init>(ZipFile.java:191)
	at java.base/java.util.zip.ZipFile.<init>(ZipFile.java:205)
	at org.eclipse.osgi.framework.util.SecureAction.getZipFile(SecureAction.java:337)
	... 31 more

!ENTRY org.openhab.ui.iconset.classic 4 0 2022-02-06 13:44:30.398
!MESSAGE FrameworkEvent ERROR
!STACK 0
java.io.IOException: Exception in opening zip file: /openhab/userdata/cache/org.eclipse.osgi/237/0/bundleFile
	at org.eclipse.osgi.framework.util.SecureAction.getZipFile(SecureAction.java:358)
	at org.eclipse.osgi.storage.bundlefile.ZipBundleFile.doOpen(ZipBundleFile.java:51)
	at org.eclipse.osgi.storage.bundlefile.CloseableBundleFile.open(CloseableBundleFile.java:135)
	at org.eclipse.osgi.storage.bundlefile.CloseableBundleFile.lockOpen(CloseableBundleFile.java:77)
	at org.eclipse.osgi.storage.bundlefile.CloseableBundleFile.getEntry(CloseableBundleFile.java:274)
	at org.eclipse.osgi.storage.BundleInfo$Generation.getEntry(BundleInfo.java:423)
	at org.eclipse.osgi.internal.framework.EquinoxBundle.getEntry(EquinoxBundle.java:703)
	at org.openhab.core.config.xml.osgi.XmlDocumentBundleTracker.isResourcePresent(XmlDocumentBundleTracker.java:319)
	at org.openhab.core.config.xml.osgi.XmlDocumentBundleTracker.isBundleRelevant(XmlDocumentBundleTracker.java:143)
	at org.openhab.core.config.xml.osgi.XmlDocumentBundleTracker$1.lambda$0(XmlDocumentBundleTracker.java:178)
	at org.openhab.core.config.xml.osgi.XmlDocumentBundleTracker.withLock(XmlDocumentBundleTracker.java:80)
	at org.openhab.core.config.xml.osgi.XmlDocumentBundleTracker$1.addingBundle(XmlDocumentBundleTracker.java:177)
	at org.osgi.util.tracker.BundleTracker$Tracked.customizerAdding(BundleTracker.java:475)
	at org.osgi.util.tracker.BundleTracker$Tracked.customizerAdding(BundleTracker.java:420)
	at org.osgi.util.tracker.AbstractTracked.trackAdding(AbstractTracked.java:256)
	at org.osgi.util.tracker.AbstractTracked.track(AbstractTracked.java:229)
	at org.osgi.util.tracker.BundleTracker$Tracked.bundleChanged(BundleTracker.java:450)
	at org.eclipse.osgi.internal.framework.BundleContextImpl.dispatchEvent(BundleContextImpl.java:945)
	at org.eclipse.osgi.framework.eventmgr.EventManager.dispatchEvent(EventManager.java:234)
	at org.eclipse.osgi.framework.eventmgr.ListenerQueue.dispatchEventSynchronous(ListenerQueue.java:151)
	at org.eclipse.osgi.internal.framework.EquinoxEventPublisher.publishBundleEventPrivileged(EquinoxEventPublisher.java:232)
	at org.eclipse.osgi.internal.framework.EquinoxEventPublisher.publishBundleEvent(EquinoxEventPublisher.java:138)
	at org.eclipse.osgi.internal.framework.EquinoxEventPublisher.publishBundleEvent(EquinoxEventPublisher.java:130)
	at org.eclipse.osgi.internal.framework.EquinoxContainerAdaptor.publishModuleEvent(EquinoxContainerAdaptor.java:217)
	at org.eclipse.osgi.container.Module.publishEvent(Module.java:499)
	at org.eclipse.osgi.container.Module.stop(Module.java:534)
	at org.eclipse.osgi.container.ModuleContainer$ContainerStartLevel.decStartLevel(ModuleContainer.java:1890)
	at org.eclipse.osgi.container.ModuleContainer$ContainerStartLevel.doContainerStartLevel(ModuleContainer.java:1765)
	at org.eclipse.osgi.container.ModuleContainer$ContainerStartLevel.dispatchEvent(ModuleContainer.java:1669)
	at org.eclipse.osgi.container.ModuleContainer$ContainerStartLevel.dispatchEvent(ModuleContainer.java:1)
	at org.eclipse.osgi.framework.eventmgr.EventManager.dispatchEvent(EventManager.java:234)
	at org.eclipse.osgi.framework.eventmgr.EventManager$EventThread.run(EventManager.java:345)
Caused by: java.nio.file.NoSuchFileException: /openhab/userdata/cache/org.eclipse.osgi/237/0/bundleFile
	at java.base/sun.nio.fs.UnixException.translateToIOException(UnixException.java:92)
	at java.base/sun.nio.fs.UnixException.rethrowAsIOException(UnixException.java:111)
	at java.base/sun.nio.fs.UnixException.rethrowAsIOException(UnixException.java:116)
	at java.base/sun.nio.fs.UnixFileAttributeViews$Basic.readAttributes(UnixFileAttributeViews.java:55)
	at java.base/sun.nio.fs.UnixFileSystemProvider.readAttributes(UnixFileSystemProvider.java:149)
	at java.base/sun.nio.fs.LinuxFileSystemProvider.readAttributes(LinuxFileSystemProvider.java:99)
	at java.base/java.nio.file.Files.readAttributes(Files.java:1764)
	at java.base/java.util.zip.ZipFile$Source.get(ZipFile.java:1273)
	at java.base/java.util.zip.ZipFile$CleanableResource.<init>(ZipFile.java:747)
	at java.base/java.util.zip.ZipFile$CleanableResource.get(ZipFile.java:864)
	at java.base/java.util.zip.ZipFile.<init>(ZipFile.java:262)
	at java.base/java.util.zip.ZipFile.<init>(ZipFile.java:191)
	at java.base/java.util.zip.ZipFile.<init>(ZipFile.java:205)
	at org.eclipse.osgi.framework.util.SecureAction.getZipFile(SecureAction.java:337)
	... 31 more

!ENTRY org.ops4j.pax.logging.pax-logging-log4j2 4 0 2022-02-06 13:44:30.417
!MESSAGE FrameworkEvent ERROR
!STACK 0
java.io.IOException: Exception in opening zip file: /openhab/userdata/cache/org.eclipse.osgi/7/0/bundleFile
	at org.eclipse.osgi.framework.util.SecureAction.getZipFile(SecureAction.java:358)
	at org.eclipse.osgi.storage.bundlefile.ZipBundleFile.doOpen(ZipBundleFile.java:51)
	at org.eclipse.osgi.storage.bundlefile.CloseableBundleFile.open(CloseableBundleFile.java:135)
	at org.eclipse.osgi.storage.bundlefile.CloseableBundleFile.lockOpen(CloseableBundleFile.java:77)
	at org.eclipse.osgi.storage.bundlefile.CloseableBundleFile.getEntry(CloseableBundleFile.java:274)
	at org.eclipse.osgi.internal.loader.classpath.ClasspathEntry.findEntry(ClasspathEntry.java:195)
	at org.eclipse.osgi.internal.loader.classpath.ClasspathManager.findClassImpl(ClasspathManager.java:623)
	at org.eclipse.osgi.internal.loader.classpath.ClasspathManager.findLocalClassImpl(ClasspathManager.java:609)
	at org.eclipse.osgi.internal.loader.classpath.ClasspathManager.findLocalClassImpl(ClasspathManager.java:589)
	at org.eclipse.osgi.internal.loader.classpath.ClasspathManager.findLocalClass(ClasspathManager.java:568)
	at org.eclipse.osgi.internal.loader.ModuleClassLoader.findLocalClass(ModuleClassLoader.java:345)
	at org.eclipse.osgi.internal.loader.BundleLoader.findLocalClass(BundleLoader.java:401)
	at org.eclipse.osgi.internal.loader.BundleLoader.findClass(BundleLoader.java:480)
	at org.eclipse.osgi.internal.loader.ModuleClassLoader.loadClass(ModuleClassLoader.java:170)
	at java.base/java.lang.ClassLoader.loadClass(ClassLoader.java:522)
	at org.apache.logging.log4j.core.impl.Log4jLogEvent.getThrownProxy(Log4jLogEvent.java:629)
	at org.apache.logging.log4j.core.pattern.ExtendedThrowablePatternConverter.format(ExtendedThrowablePatternConverter.java:63)
	at org.apache.logging.log4j.core.pattern.PatternFormatter.format(PatternFormatter.java:44)
	at org.apache.logging.log4j.core.layout.PatternLayout$PatternFormatterPatternSerializer.toSerializable(PatternLayout.java:385)
	at org.apache.logging.log4j.core.layout.PatternLayout.toText(PatternLayout.java:241)
	at org.apache.logging.log4j.core.layout.PatternLayout.encode(PatternLayout.java:226)
	at org.apache.logging.log4j.core.layout.PatternLayout.encode(PatternLayout.java:60)
	at org.apache.logging.log4j.core.appender.AbstractOutputStreamAppender.directEncodeEvent(AbstractOutputStreamAppender.java:197)
	at org.apache.logging.log4j.core.appender.AbstractOutputStreamAppender.tryAppend(AbstractOutputStreamAppender.java:190)
	at org.apache.logging.log4j.core.appender.AbstractOutputStreamAppender.append(AbstractOutputStreamAppender.java:181)
	at org.apache.logging.log4j.core.appender.RollingFileAppender.append(RollingFileAppender.java:312)
	at org.apache.logging.log4j.core.config.AppenderControl.tryCallAppender(AppenderControl.java:161)
	at org.apache.logging.log4j.core.config.AppenderControl.callAppender0(AppenderControl.java:134)
	at org.apache.logging.log4j.core.config.AppenderControl.callAppenderPreventRecursion(AppenderControl.java:125)
	at org.apache.logging.log4j.core.config.AppenderControl.callAppender(AppenderControl.java:89)
	at org.apache.logging.log4j.core.config.LoggerConfig.callAppenders(LoggerConfig.java:542)
	at org.apache.logging.log4j.core.config.LoggerConfig.processLogEvent(LoggerConfig.java:500)
	at org.apache.logging.log4j.core.config.LoggerConfig.log(LoggerConfig.java:483)
	at org.apache.logging.log4j.core.config.LoggerConfig.log(LoggerConfig.java:388)
	at org.apache.logging.log4j.core.config.AwaitCompletionReliabilityStrategy.log(AwaitCompletionReliabilityStrategy.java:63)
	at org.apache.logging.log4j.core.Logger.logMessage(Logger.java:153)
	at org.ops4j.pax.logging.log4j2.internal.PaxLoggerImpl.doLog0(PaxLoggerImpl.java:1122)
	at org.ops4j.pax.logging.log4j2.internal.PaxLoggerImpl.doLog(PaxLoggerImpl.java:1098)
	at org.ops4j.pax.logging.log4j2.internal.PaxLoggerImpl.error(PaxLoggerImpl.java:608)
	at org.ops4j.pax.logging.internal.TrackingLogger.error(TrackingLogger.java:332)
	at org.ops4j.pax.logging.spi.support.FrameworkHandler.doLog(FrameworkHandler.java:197)
	at org.ops4j.pax.logging.spi.support.FrameworkHandler.frameworkEvent(FrameworkHandler.java:153)
	at org.eclipse.osgi.internal.framework.BundleContextImpl.dispatchEvent(BundleContextImpl.java:969)
	at org.eclipse.osgi.framework.eventmgr.EventManager.dispatchEvent(EventManager.java:234)
	at org.eclipse.osgi.framework.eventmgr.EventManager$EventThread.run(EventManager.java:345)
Caused by: java.nio.file.NoSuchFileException: /openhab/userdata/cache/org.eclipse.osgi/7/0/bundleFile
	at java.base/sun.nio.fs.UnixException.translateToIOException(UnixException.java:92)
	at java.base/sun.nio.fs.UnixException.rethrowAsIOException(UnixException.java:111)
	at java.base/sun.nio.fs.UnixException.rethrowAsIOException(UnixException.java:116)
	at java.base/sun.nio.fs.UnixFileAttributeViews$Basic.readAttributes(UnixFileAttributeViews.java:55)
	at java.base/sun.nio.fs.UnixFileSystemProvider.readAttributes(UnixFileSystemProvider.java:149)
	at java.base/sun.nio.fs.LinuxFileSystemProvider.readAttributes(LinuxFileSystemProvider.java:99)
	at java.base/java.nio.file.Files.readAttributes(Files.java:1764)
	at java.base/java.util.zip.ZipFile$Source.get(ZipFile.java:1273)
	at java.base/java.util.zip.ZipFile$CleanableResource.<init>(ZipFile.java:747)
	at java.base/java.util.zip.ZipFile$CleanableResource.get(ZipFile.java:864)
	at java.base/java.util.zip.ZipFile.<init>(ZipFile.java:262)
	at java.base/java.util.zip.ZipFile.<init>(ZipFile.java:191)
	at java.base/java.util.zip.ZipFile.<init>(ZipFile.java:205)
	at org.eclipse.osgi.framework.util.SecureAction.getZipFile(SecureAction.java:337)
	... 44 more

!ENTRY org.glassfish.hk2.osgi-resource-locator 4 0 2022-02-06 13:44:38.818
!MESSAGE FrameworkEvent ERROR
!STACK 0
org.osgi.framework.BundleException: Exception in org.glassfish.hk2.osgiresourcelocator.Activator.start() of bundle org.glassfish.hk2.osgi-resource-locator.
	at org.eclipse.osgi.internal.framework.BundleContextImpl.startActivator(BundleContextImpl.java:835)
	at org.eclipse.osgi.internal.framework.BundleContextImpl.start(BundleContextImpl.java:763)
	at org.eclipse.osgi.internal.framework.EquinoxBundle.startWorker0(EquinoxBundle.java:1028)
	at org.eclipse.osgi.internal.framework.EquinoxBundle$EquinoxModule.startWorker(EquinoxBundle.java:371)
	at org.eclipse.osgi.container.Module.doStart(Module.java:605)
	at org.eclipse.osgi.container.Module.start(Module.java:468)
	at org.eclipse.osgi.container.ModuleContainer$ContainerStartLevel$2.run(ModuleContainer.java:1849)
	at org.eclipse.osgi.internal.framework.EquinoxContainerAdaptor$1$1.execute(EquinoxContainerAdaptor.java:136)
	at org.eclipse.osgi.container.ModuleContainer$ContainerStartLevel.incStartLevel(ModuleContainer.java:1842)
	at org.eclipse.osgi.container.ModuleContainer$ContainerStartLevel.incStartLevel(ModuleContainer.java:1785)
	at org.eclipse.osgi.container.ModuleContainer$ContainerStartLevel.doContainerStartLevel(ModuleContainer.java:1747)
	at org.eclipse.osgi.container.ModuleContainer$ContainerStartLevel.dispatchEvent(ModuleContainer.java:1669)
	at org.eclipse.osgi.container.ModuleContainer$ContainerStartLevel.dispatchEvent(ModuleContainer.java:1)
	at org.eclipse.osgi.framework.eventmgr.EventManager.dispatchEvent(EventManager.java:234)
	at org.eclipse.osgi.framework.eventmgr.EventManager$EventThread.run(EventManager.java:345)
Caused by: java.lang.IllegalStateException: Already initialzed with [org.glassfish.hk2.osgiresourcelocator.ResourceFinderImpl@4c195d3d]
	at org.glassfish.hk2.osgiresourcelocator.ResourceFinder.initialize(ResourceFinder.java:36)
	at org.glassfish.hk2.osgiresourcelocator.Activator.start(Activator.java:34)
	at org.eclipse.osgi.internal.framework.BundleContextImpl$2.run(BundleContextImpl.java:814)
	at org.eclipse.osgi.internal.framework.BundleContextImpl$2.run(BundleContextImpl.java:1)
	at java.base/java.security.AccessController.doPrivileged(Native Method)
	at org.eclipse.osgi.internal.framework.BundleContextImpl.startActivator(BundleContextImpl.java:806)
	... 14 more
Root exception:
java.lang.IllegalStateException: Already initialzed with [org.glassfish.hk2.osgiresourcelocator.ResourceFinderImpl@4c195d3d]
	at org.glassfish.hk2.osgiresourcelocator.ResourceFinder.initialize(ResourceFinder.java:36)
	at org.glassfish.hk2.osgiresourcelocator.Activator.start(Activator.java:34)
	at org.eclipse.osgi.internal.framework.BundleContextImpl$2.run(BundleContextImpl.java:814)
	at org.eclipse.osgi.internal.framework.BundleContextImpl$2.run(BundleContextImpl.java:1)
	at java.base/java.security.AccessController.doPrivileged(Native Method)
	at org.eclipse.osgi.internal.framework.BundleContextImpl.startActivator(BundleContextImpl.java:806)
	at org.eclipse.osgi.internal.framework.BundleContextImpl.start(BundleContextImpl.java:763)
	at org.eclipse.osgi.internal.framework.EquinoxBundle.startWorker0(EquinoxBundle.java:1028)
	at org.eclipse.osgi.internal.framework.EquinoxBundle$EquinoxModule.startWorker(EquinoxBundle.java:371)
	at org.eclipse.osgi.container.Module.doStart(Module.java:605)
	at org.eclipse.osgi.container.Module.start(Module.java:468)
	at org.eclipse.osgi.container.ModuleContainer$ContainerStartLevel$2.run(ModuleContainer.java:1849)
	at org.eclipse.osgi.internal.framework.EquinoxContainerAdaptor$1$1.execute(EquinoxContainerAdaptor.java:136)
	at org.eclipse.osgi.container.ModuleContainer$ContainerStartLevel.incStartLevel(ModuleContainer.java:1842)
	at org.eclipse.osgi.container.ModuleContainer$ContainerStartLevel.incStartLevel(ModuleContainer.java:1785)
	at org.eclipse.osgi.container.ModuleContainer$ContainerStartLevel.doContainerStartLevel(ModuleContainer.java:1747)
	at org.eclipse.osgi.container.ModuleContainer$ContainerStartLevel.dispatchEvent(ModuleContainer.java:1669)
	at org.eclipse.osgi.container.ModuleContainer$ContainerStartLevel.dispatchEvent(ModuleContainer.java:1)
	at org.eclipse.osgi.framework.eventmgr.EventManager.dispatchEvent(EventManager.java:234)
	at org.eclipse.osgi.framework.eventmgr.EventManager$EventThread.run(EventManager.java:345)
